  .   ____          _            __ _ _
 /\\ / ___'_ __ _ _(_)_ __  __ _ \ \ \ \
( ( )\___ | '_ | '_| | '_ \/ _` | \ \ \ \
 \\/  ___)| |_)| | | | | || (_| |  ) ) ) )
  '  |____| .__|_| |_|_| |_\__, | / / / /
 =========|_|==============|___/=/_/_/_/

 :: Spring Boot ::                (v3.3.0)

2026-05-09T14:34:26.742+05:30  INFO 15053 --- [           main] com.nl2sql.Nl2SqlApplication             : Starting Nl2SqlApplication v1.0.0 using Java 25.0.3 with PID 15053 (/Users/mesut/Desktop/ai projects/nl-to-sql/backend/target/nl2sql-backend-1.0.0.jar started by mesut in /Users/mesut/Desktop/ai projects/nl-to-sql/backend)
2026-05-09T14:34:26.745+05:30  INFO 15053 --- [           main] com.nl2sql.Nl2SqlApplication             : No active profile set, falling back to 1 default profile: "default"
WARNING: A restricted method in java.lang.System has been called
WARNING: java.lang.System::load has been called by org.apache.tomcat.jni.Library in an unnamed module (jar:nested:/Users/mesut/Desktop/ai%20projects/nl-to-sql/backend/target/nl2sql-backend-1.0.0.jar/!BOOT-INF/lib/tomcat-embed-core-10.1.24.jar!/)
WARNING: Use --enable-native-access=ALL-UNNAMED to avoid a warning for callers in this module
WARNING: Restricted methods will be blocked in a future release unless native access is enabled

2026-05-09T14:34:27.806+05:30  INFO 15053 --- [           main] o.s.b.w.embedded.tomcat.TomcatWebServer  : Tomcat initialized with port 8080 (http)
2026-05-09T14:34:27.819+05:30  INFO 15053 --- [           main] o.apache.catalina.core.StandardService   : Starting service [Tomcat]
2026-05-09T14:34:27.819+05:30  INFO 15053 --- [           main] o.apache.catalina.core.StandardEngine    : Starting Servlet engine: [Apache Tomcat/10.1.24]
2026-05-09T14:34:27.845+05:30  INFO 15053 --- [           main] o.a.c.c.C.[Tomcat].[localhost].[/]       : Initializing Spring embedded WebApplicationContext
2026-05-09T14:34:27.845+05:30  INFO 15053 --- [           main] w.s.c.ServletWebServerApplicationContext : Root WebApplicationContext: initialization completed in 1016 ms
2026-05-09T14:34:28.108+05:30  INFO 15053 --- [           main] o.s.b.w.embedded.tomcat.TomcatWebServer  : Tomcat started on port 8080 (http) with context path '/'
2026-05-09T14:34:28.123+05:30  INFO 15053 --- [           main] com.nl2sql.Nl2SqlApplication             : Started Nl2SqlApplication in 1.686 seconds (process running for 2.413)
2026-05-09T14:34:28.374+05:30  INFO 15053 --- [nio-8080-exec-1] o.a.c.c.C.[Tomcat].[localhost].[/]       : Initializing Spring DispatcherServlet 'dispatcherServlet'
2026-05-09T14:34:28.374+05:30  INFO 15053 --- [nio-8080-exec-1] o.s.web.servlet.DispatcherServlet        : Initializing Servlet 'dispatcherServlet'
2026-05-09T14:34:28.375+05:30  INFO 15053 --- [nio-8080-exec-1] o.s.web.servlet.DispatcherServlet        : Completed initialization in 1 ms
